2023-09-16 19:32:13.126  INFO 4884 --- [restartedMain] c.b.b.BookstoreAppApplication            : Starting BookstoreAppApplication using Java 18.0.1.1 on Dharmistha with PID 4884 (C:\Users\Dharmistha\Downloads\BookStore_Backend-master\target\classes started by Dharmistha in C:\Users\Dharmistha\Downloads\BookStore_Backend-master)
2023-09-16 19:32:13.146  INFO 4884 --- [restartedMain] c.b.b.BookstoreAppApplication            : The following 1 profile is active: "dev"
2023-09-16 19:32:13.259  INFO 4884 --- [restartedMain] .e.DevToolsPropertyDefaultsPostProcessor : Devtools property defaults active! Set 'spring.devtools.add-properties' to 'false' to disable
2023-09-16 19:32:13.260  INFO 4884 --- [restartedMain] .e.DevToolsPropertyDefaultsPostProcessor : For additional web related logging consider setting the 'logging.level.web' property to 'DEBUG'
2023-09-16 19:32:14.652  INFO 4884 --- [restartedMain] .s.d.r.c.RepositoryConfigurationDelegate : Bootstrapping Spring Data JPA repositories in DEFAULT mode.
2023-09-16 19:32:14.923  INFO 4884 --- [restartedMain] .s.d.r.c.RepositoryConfigurationDelegate : Finished Spring Data repository scanning in 258 ms. Found 4 JPA repository interfaces.
2023-09-16 19:32:17.092  INFO 4884 --- [restartedMain] trationDelegate$BeanPostProcessorChecker : Bean 'org.springframework.ws.config.annotation.DelegatingWsConfiguration' of type [org.springframework.ws.config.annotation.DelegatingWsConfiguration$$EnhancerBySpringCGLIB$$7387c1ec] is not eligible for getting processed by all BeanPostProcessors (for example: not eligible for auto-proxying)
2023-09-16 19:32:17.284  INFO 4884 --- [restartedMain] .w.s.a.s.AnnotationActionEndpointMapping : Supporting [WS-Addressing August 2004, WS-Addressing 1.0]
2023-09-16 19:32:18.414  INFO 4884 --- [restartedMain] o.s.b.w.embedded.tomcat.TomcatWebServer  : Tomcat initialized with port(s): 8080 (http)
2023-09-16 19:32:18.427  INFO 4884 --- [restartedMain] o.apache.catalina.core.StandardService   : Starting service [Tomcat]
2023-09-16 19:32:18.427  INFO 4884 --- [restartedMain] org.apache.catalina.core.StandardEngine  : Starting Servlet engine: [Apache Tomcat/9.0.58]
2023-09-16 19:32:18.595  INFO 4884 --- [restartedMain] o.a.c.c.C.[Tomcat].[localhost].[/]       : Initializing Spring embedded WebApplicationContext
2023-09-16 19:32:18.595  INFO 4884 --- [restartedMain] w.s.c.ServletWebServerApplicationContext : Root WebApplicationContext: initialization completed in 5333 ms
2023-09-16 19:32:19.723  INFO 4884 --- [restartedMain] com.zaxxer.hikari.HikariDataSource       : HikariPool-1 - Starting...
2023-09-16 19:32:20.741  INFO 4884 --- [restartedMain] com.zaxxer.hikari.HikariDataSource       : HikariPool-1 - Start completed.
2023-09-16 19:32:23.100  INFO 4884 --- [restartedMain] j.LocalContainerEntityManagerFactoryBean : Initialized JPA EntityManagerFactory for persistence unit 'default'
2023-09-16 19:32:25.421  WARN 4884 --- [restartedMain] JpaBaseConfiguration$JpaWebConfiguration : spring.jpa.open-in-view is enabled by default. Therefore, database queries may be performed during view rendering. Explicitly configure spring.jpa.open-in-view to disable this warning
2023-09-16 19:32:26.671  INFO 4884 --- [restartedMain] o.s.b.d.a.OptionalLiveReloadServer       : LiveReload server is running on port 35729
2023-09-16 19:32:26.760  INFO 4884 --- [restartedMain] o.s.b.w.embedded.tomcat.TomcatWebServer  : Tomcat started on port(s): 8080 (http) with context path ''
2023-09-16 19:32:26.798  INFO 4884 --- [restartedMain] c.b.b.BookstoreAppApplication            : Started BookstoreAppApplication in 14.373 seconds (JVM running for 15.575)
2023-09-16 19:33:31.140  INFO 4884 --- [http-nio-8080-exec-2] o.a.c.c.C.[Tomcat].[localhost].[/]       : Initializing Spring DispatcherServlet 'dispatcherServlet'
2023-09-16 19:34:10.132  WARN 4884 --- [http-nio-8080-exec-3] .w.s.m.s.DefaultHandlerExceptionResolver : Resolved [org.springframework.web.bind.MethodArgumentNotValidException: Validation failed for argument [0] in public org.springframework.http.ResponseEntity<com.brigelabz.bookstoreapp.dto.ResponseDTO> com.brigelabz.bookstoreapp.controller.UserController.UserController.addPersonData(com.brigelabz.bookstoreapp.dto.UserDTO): [Field error in object 'userDTO' on field 'phoneNumber': rejected value [91 702444264]; codes [Pattern.userDTO.phoneNumber,Pattern.phoneNumber,Pattern.java.lang.String,Pattern]; arguments [org.springframework.context.support.DefaultMessageSourceResolvable: codes [userDTO.phoneNumber,phoneNumber]; arguments []; default message [phoneNumber],[Ljavax.validation.constraints.Pattern$Flag;@6a7901b7,(91 )[1-9]{1}[0-9]{9}]; default message [Enter valid mobile number]] ]
2023-09-16 19:35:16.097  WARN 4884 --- [http-nio-8080-exec-5] .w.s.m.s.DefaultHandlerExceptionResolver : Resolved [org.springframework.web.bind.MethodArgumentNotValidException: Validation failed for argument [0] in public org.springframework.http.ResponseEntity<com.brigelabz.bookstoreapp.dto.ResponseDTO> com.brigelabz.bookstoreapp.controller.UserController.UserController.addPersonData(com.brigelabz.bookstoreapp.dto.UserDTO): [Field error in object 'userDTO' on field 'phoneNumber': rejected value [91 702444264]; codes [Pattern.userDTO.phoneNumber,Pattern.phoneNumber,Pattern.java.lang.String,Pattern]; arguments [org.springframework.context.support.DefaultMessageSourceResolvable: codes [userDTO.phoneNumber,phoneNumber]; arguments []; default message [phoneNumber],[Ljavax.validation.constraints.Pattern$Flag;@6a7901b7,(91 )[1-9]{1}[0-9]{9}]; default message [Enter valid mobile number]] ]
2023-09-16 19:38:18.271  INFO 4884 --- [http-nio-8080-exec-9] c.b.b.s.UserService.UserServiceImpl      : User data : 
2023-09-16 19:39:18.956  INFO 4884 --- [http-nio-8080-exec-1] c.b.b.s.UserService.UserServiceImpl      : User data successfully deleted by ID -> 
2023-09-16 19:45:42.810  INFO 4884 --- [http-nio-8080-exec-3] c.b.b.s.UserLogin.UserLoginServiceImpl   : email : jagdish@1234
2023-09-16 19:45:42.822  INFO 4884 --- [http-nio-8080-exec-3] c.b.b.s.UserLogin.UserLoginServiceImpl   : password : Jgaya@555
2023-09-16 19:45:42.822  INFO 4884 --- [http-nio-8080-exec-3] c.b.b.s.UserLogin.UserLoginServiceImpl   : AuthenticationToken : UsernamePasswordAuthenticationToken [Principal=jagdish@1234, Credentials=[PROTECTED], Authenticated=false, Details=null, Granted Authorities=[]]
2023-09-16 19:45:43.011  INFO 4884 --- [http-nio-8080-exec-3] c.b.b.s.UserLogin.UserLoginServiceImpl   : Authentication status for email ID : jagdish@1234: Verified 
2023-09-16 19:45:43.012  INFO 4884 --- [http-nio-8080-exec-3] c.b.b.s.UserLogin.UserLoginServiceImpl   : principal --> jagdish@1234
2023-09-16 19:45:43.076  INFO 4884 --- [http-nio-8080-exec-3] c.b.b.s.UserLogin.UserLoginServiceImpl   : JWT Token is : eyJ0eXAiOiJKV1QiLCJhbGciOiJIUzI1NiJ9.eyJzdWIiOiJqYWdkaXNoQDEyMzQiLCJpc3MiOiJodHRwOi8vbG9jYWxob3N0OjgwODAvYXV0aGVudGljYXRpb24vbG9naW4iLCJleHAiOjE2OTQ4ODU3NDMsImlhdCI6MTY5NDg3Mzc0M30.0_nAUosB42ugJJ6iJLhKPJGINLael_oZK63KMB9A8XY
2023-09-16 20:18:24.781  WARN 4884 --- [HikariPool-1 housekeeper] com.zaxxer.hikari.pool.HikariPool        : HikariPool-1 - Thread starvation or clock leap detected (housekeeper delta=22m3s89ms856µs900ns).
2023-09-16 20:23:08.802  INFO 4884 --- [SpringApplicationShutdownHook] j.LocalContainerEntityManagerFactoryBean : Closing JPA EntityManagerFactory for persistence unit 'default'
2023-09-16 20:23:08.832  INFO 4884 --- [SpringApplicationShutdownHook] com.zaxxer.hikari.HikariDataSource       : HikariPool-1 - Shutdown initiated...
2023-09-16 20:23:08.857  INFO 4884 --- [SpringApplicationShutdownHook] com.zaxxer.hikari.HikariDataSource       : HikariPool-1 - Shutdown completed.
